  classes2_4.cpp
D:\Programming\C_pp\College_Practice\classes2_4\classes2_4.cpp(105,11): error C2143: syntax error: missing ':' before '...'
D:\Programming\C_pp\College_Practice\classes2_4\classes2_4.cpp(105,11): error C2059: syntax error: '...'
